<?xml version="1.0" encoding="UTF-8"?>
<!-- Generated by org.testng.reporters.JUnitReportReporter -->
<testsuite hostname="Anshi_Aryan" failures="0" tests="1" name="simplilearn.appium.test" time="6.569" errors="0" timestamp="28 Apr 2023 08:15:08 GMT" skipped="0">
  <testcase classname="simplilearn.appium.test" name="checkVersion" time="6.569"/>
</testsuite> <!-- simplilearn.appium.test -->
