<?xml version="1.0" encoding="UTF-8"?>
<!-- Generated by org.testng.reporters.JUnitReportReporter -->
<testsuite hostname="Anshi_Aryan" failures="0" tests="1" name="simplilearn.appium.contact" time="24.554" errors="0" timestamp="21 Apr 2023 11:55:23 GMT" skipped="0">
  <testcase classname="simplilearn.appium.contact" name="testAppLifeCycle" time="24.554"/>
</testsuite> <!-- simplilearn.appium.contact -->
